<?xml version="1.0" encoding="UTF-8"?>
<?totaltestVersion 19.5.1.v20190606-1245_92?>
<!--Topaz for Total Test 19.5.1.v20190606-1245_92 24-Jul-2019 12:19:34-->
<testsuites>
  <testsuite errors="0" failures="0" name="ALJOCOB_PIPELINE.ALJOCOBSTUB_Scenario.00001: ALJOCOBCase1" tests="2">
    <testcase classname="ALJOCOB_PIPELINE.ALJOCOBSTUB_Scenario.00001: ALJOCOBCase1" name="00001: Check for PARM_LTH"/>
    <testcase classname="ALJOCOB_PIPELINE.ALJOCOBSTUB_Scenario.00001: ALJOCOBCase1" name="00002: Check for PARM_DATA"/>
  </testsuite>
  <testsuite errors="0" failures="0" name="ALJOCOB_PIPELINE.ALJOCOBSTUB_Scenario.00001: ALJOCOBCase1.ALJOCOB_RPTFILE_WRITE.00001: RPTFILE assertion" tests="0">
    <testcase classname="ALJOCOB_PIPELINE.ALJOCOBSTUB_Scenario.00001: ALJOCOBCase1.ALJOCOB_RPTFILE_WRITE.00001: RPTFILE assertion" name="RPTFILE"/>
  </testsuite>
  <testsuite errors="0" failures="0" name="ALJOCOB_PIPELINE.ALJOCOBSTUB_Scenario.00001: ALJOCOBCase1.ALJOCOB_RPTFILE_WRITE.00002: RPTFILE assertion" tests="0">
    <testcase classname="ALJOCOB_PIPELINE.ALJOCOBSTUB_Scenario.00001: ALJOCOBCase1.ALJOCOB_RPTFILE_WRITE.00002: RPTFILE assertion" name="RPTFILE"/>
  </testsuite>
  <testsuite errors="0" failures="0" name="ALJOCOB_PIPELINE.ALJOCOBSTUB_Scenario.00001: ALJOCOBCase1.ALJOCOB_RPTFILE_WRITE.00003: RPTFILE assertion" tests="0">
    <testcase classname="ALJOCOB_PIPELINE.ALJOCOBSTUB_Scenario.00001: ALJOCOBCase1.ALJOCOB_RPTFILE_WRITE.00003: RPTFILE assertion" name="RPTFILE"/>
  </testsuite>
  <testsuite errors="0" failures="0" name="ALJOCOB_PIPELINE.ALJOCOBSTUB_Scenario.00001: ALJOCOBCase1.ALJOCOB_RPTFILE_WRITE.00004: RPTFILE assertion" tests="0">
    <testcase classname="ALJOCOB_PIPELINE.ALJOCOBSTUB_Scenario.00001: ALJOCOBCase1.ALJOCOB_RPTFILE_WRITE.00004: RPTFILE assertion" name="RPTFILE"/>
  </testsuite>
  <testsuite errors="0" failures="0" name="ALJOCOB_PIPELINE.ALJOCOBSTUB_Scenario.00001: ALJOCOBCase1.ALJOCOB_RPTFILE_WRITE.00005: RPTFILE assertion" tests="0">
    <testcase classname="ALJOCOB_PIPELINE.ALJOCOBSTUB_Scenario.00001: ALJOCOBCase1.ALJOCOB_RPTFILE_WRITE.00005: RPTFILE assertion" name="RPTFILE"/>
  </testsuite>
  <testsuite errors="0" failures="0" name="ALJOCOB_PIPELINE.ALJOCOBSTUB_Scenario.00001: ALJOCOBCase1.ALJOCOB_RPTFILE_WRITE.00006: RPTFILE assertion" tests="0">
    <testcase classname="ALJOCOB_PIPELINE.ALJOCOBSTUB_Scenario.00001: ALJOCOBCase1.ALJOCOB_RPTFILE_WRITE.00006: RPTFILE assertion" name="RPTFILE"/>
  </testsuite>
  <testsuite errors="0" failures="0" name="ALJOCOB_PIPELINE.ALJOCOBSTUB_Scenario.00001: ALJOCOBCase1.ALJOCOB_RPTFILE_WRITE.00007: RPTFILE assertion" tests="0">
    <testcase classname="ALJOCOB_PIPELINE.ALJOCOBSTUB_Scenario.00001: ALJOCOBCase1.ALJOCOB_RPTFILE_WRITE.00007: RPTFILE assertion" name="RPTFILE"/>
  </testsuite>
  <testsuite errors="0" failures="0" name="ALJOCOB_PIPELINE.ALJOCOBSTUB_Scenario.00001: ALJOCOBCase1.ALJOCOB_RPTFILE_WRITE.00008: RPTFILE assertion" tests="0">
    <testcase classname="ALJOCOB_PIPELINE.ALJOCOBSTUB_Scenario.00001: ALJOCOBCase1.ALJOCOB_RPTFILE_WRITE.00008: RPTFILE assertion" name="RPTFILE"/>
  </testsuite>
  <testsuite errors="0" failures="0" name="ALJOCOB_PIPELINE.ALJOCOBSTUB_Scenario.00001: ALJOCOBCase1.ALJOCOB_RPTFILE_WRITE.00009: RPTFILE assertion" tests="0">
    <testcase classname="ALJOCOB_PIPELINE.ALJOCOBSTUB_Scenario.00001: ALJOCOBCase1.ALJOCOB_RPTFILE_WRITE.00009: RPTFILE assertion" name="RPTFILE"/>
  </testsuite>
  <testsuite errors="0" failures="0" name="ALJOCOB_PIPELINE.ALJOCOBSTUB_Scenario.00001: ALJOCOBCase1.ALJOCOB_RPTFILE_WRITE.00010: RPTFILE assertion" tests="0">
    <testcase classname="ALJOCOB_PIPELINE.ALJOCOBSTUB_Scenario.00001: ALJOCOBCase1.ALJOCOB_RPTFILE_WRITE.00010: RPTFILE assertion" name="RPTFILE"/>
  </testsuite>
  <testsuite errors="0" failures="0" name="ALJOCOB_PIPELINE.ALJOCOBSTUB_Scenario.00001: ALJOCOBCase1.ALJOCOB_RPTFILE_WRITE.00011: RPTFILE assertion" tests="0">
    <testcase classname="ALJOCOB_PIPELINE.ALJOCOBSTUB_Scenario.00001: ALJOCOBCase1.ALJOCOB_RPTFILE_WRITE.00011: RPTFILE assertion" name="RPTFILE"/>
  </testsuite>
  <testsuite errors="0" failures="0" name="ALJOCOB_PIPELINE.ALJOCOBSTUB_Scenario.00001: ALJOCOBCase1.ALJOCOB_RPTFILE_WRITE.00012: RPTFILE assertion" tests="0">
    <testcase classname="ALJOCOB_PIPELINE.ALJOCOBSTUB_Scenario.00001: ALJOCOBCase1.ALJOCOB_RPTFILE_WRITE.00012: RPTFILE assertion" name="RPTFILE"/>
  </testsuite>
  <testsuite errors="0" failures="0" name="ALJOCOB_PIPELINE.ALJOCOBSTUB_Scenario.00001: ALJOCOBCase1.ALJOCOB_RPTFILE_WRITE.00013: RPTFILE assertion" tests="0">
    <testcase classname="ALJOCOB_PIPELINE.ALJOCOBSTUB_Scenario.00001: ALJOCOBCase1.ALJOCOB_RPTFILE_WRITE.00013: RPTFILE assertion" name="RPTFILE"/>
  </testsuite>
  <testsuite errors="0" failures="0" name="ALJOCOB_PIPELINE.ALJOCOBSTUB_Scenario.00001: ALJOCOBCase1.ALJOCOB_RPTFILE_WRITE.00014: RPTFILE assertion" tests="0">
    <testcase classname="ALJOCOB_PIPELINE.ALJOCOBSTUB_Scenario.00001: ALJOCOBCase1.ALJOCOB_RPTFILE_WRITE.00014: RPTFILE assertion" name="RPTFILE"/>
  </testsuite>
  <testsuite errors="0" failures="0" name="ALJOCOB_PIPELINE.ALJOCOBSTUB_Scenario.00001: ALJOCOBCase1.ALJOCOB_RPTFILE_WRITE.00015: RPTFILE assertion" tests="0">
    <testcase classname="ALJOCOB_PIPELINE.ALJOCOBSTUB_Scenario.00001: ALJOCOBCase1.ALJOCOB_RPTFILE_WRITE.00015: RPTFILE assertion" name="RPTFILE"/>
  </testsuite>
  <testsuite errors="0" failures="0" name="ALJOCOB_PIPELINE.ALJOCOBSTUB_Scenario.00001: ALJOCOBCase1.ALJOCOB_RPTFILE_WRITE.00016: RPTFILE assertion" tests="0">
    <testcase classname="ALJOCOB_PIPELINE.ALJOCOBSTUB_Scenario.00001: ALJOCOBCase1.ALJOCOB_RPTFILE_WRITE.00016: RPTFILE assertion" name="RPTFILE"/>
  </testsuite>
  <testsuite errors="0" failures="0" name="ALJOCOB_PIPELINE.ALJOCOBSTUB_Scenario.00001: ALJOCOBCase1.ALJOCOB_RPTFILE_WRITE.00017: RPTFILE assertion" tests="0">
    <testcase classname="ALJOCOB_PIPELINE.ALJOCOBSTUB_Scenario.00001: ALJOCOBCase1.ALJOCOB_RPTFILE_WRITE.00017: RPTFILE assertion" name="RPTFILE"/>
  </testsuite>
  <testsuite errors="0" failures="0" name="ALJOCOB_PIPELINE.ALJOCOBSTUB_Scenario.00001: ALJOCOBCase1.ALJOCOB_RPTFILE_WRITE.00018: RPTFILE assertion" tests="0">
    <testcase classname="ALJOCOB_PIPELINE.ALJOCOBSTUB_Scenario.00001: ALJOCOBCase1.ALJOCOB_RPTFILE_WRITE.00018: RPTFILE assertion" name="RPTFILE"/>
  </testsuite>
  <testsuite errors="0" failures="0" name="ALJOCOB_PIPELINE.ALJOCOBSTUB_Scenario.00001: ALJOCOBCase1.ALJOCOB_RPTFILE_WRITE.00019: RPTFILE assertion" tests="0">
    <testcase classname="ALJOCOB_PIPELINE.ALJOCOBSTUB_Scenario.00001: ALJOCOBCase1.ALJOCOB_RPTFILE_WRITE.00019: RPTFILE assertion" name="RPTFILE"/>
  </testsuite>
  <testsuite errors="0" failures="0" name="ALJOCOB_PIPELINE.ALJOCOBSTUB_Scenario.00001: ALJOCOBCase1.ALJOCOB_RPTFILE_WRITE.00020: RPTFILE assertion" tests="0">
    <testcase classname="ALJOCOB_PIPELINE.ALJOCOBSTUB_Scenario.00001: ALJOCOBCase1.ALJOCOB_RPTFILE_WRITE.00020: RPTFILE assertion" name="RPTFILE"/>
  </testsuite>
  <testsuite errors="0" failures="0" name="ALJOCOB_PIPELINE.ALJOCOBSTUB_Scenario.00001: ALJOCOBCase1.ALJOCOB_RPTFILE_WRITE.00021: RPTFILE assertion" tests="0">
    <testcase classname="ALJOCOB_PIPELINE.ALJOCOBSTUB_Scenario.00001: ALJOCOBCase1.ALJOCOB_RPTFILE_WRITE.00021: RPTFILE assertion" name="RPTFILE"/>
  </testsuite>
  <testsuite errors="0" failures="0" name="ALJOCOB_PIPELINE.ALJOCOBSTUB_Scenario.00001: ALJOCOBCase1.ALJOCOB_RPTFILE_WRITE.00022: RPTFILE assertion" tests="0">
    <testcase classname="ALJOCOB_PIPELINE.ALJOCOBSTUB_Scenario.00001: ALJOCOBCase1.ALJOCOB_RPTFILE_WRITE.00022: RPTFILE assertion" name="RPTFILE"/>
  </testsuite>
  <testsuite errors="0" failures="0" name="ALJOCOB_PIPELINE.ALJOCOBSTUB_Scenario.00001: ALJOCOBCase1.ALJOCOB_RPTFILE_WRITE.00023: RPTFILE assertion" tests="0">
    <testcase classname="ALJOCOB_PIPELINE.ALJOCOBSTUB_Scenario.00001: ALJOCOBCase1.ALJOCOB_RPTFILE_WRITE.00023: RPTFILE assertion" name="RPTFILE"/>
  </testsuite>
  <testsuite errors="0" failures="0" name="ALJOCOB_PIPELINE.ALJOCOBSTUB_Scenario.00001: ALJOCOBCase1.ALJOCOB_RPTFILE_WRITE.00024: RPTFILE assertion" tests="0">
    <testcase classname="ALJOCOB_PIPELINE.ALJOCOBSTUB_Scenario.00001: ALJOCOBCase1.ALJOCOB_RPTFILE_WRITE.00024: RPTFILE assertion" name="RPTFILE"/>
  </testsuite>
  <testsuite errors="0" failures="0" name="ALJOCOB_PIPELINE.ALJOCOBSTUB_Scenario.00002: ALJOCOBCase2" tests="2">
    <testcase classname="ALJOCOB_PIPELINE.ALJOCOBSTUB_Scenario.00002: ALJOCOBCase2" name="00001: Check for PARM_LTH"/>
    <testcase classname="ALJOCOB_PIPELINE.ALJOCOBSTUB_Scenario.00002: ALJOCOBCase2" name="00002: Check for PARM_DATA"/>
  </testsuite>
  <testsuite errors="0" failures="0" name="ALJOCOB_PIPELINE.ALJOCOBSTUB_Scenario.00002: ALJOCOBCase2.ALJOCOB_RPTFILE_WRITE.00001: RPTFILE assertion" tests="0">
    <testcase classname="ALJOCOB_PIPELINE.ALJOCOBSTUB_Scenario.00002: ALJOCOBCase2.ALJOCOB_RPTFILE_WRITE.00001: RPTFILE assertion" name="RPTFILE"/>
  </testsuite>
  <testsuite errors="0" failures="0" name="ALJOCOB_PIPELINE.ALJOCOBSTUB_Scenario.00002: ALJOCOBCase2.ALJOCOB_RPTFILE_WRITE.00002: RPTFILE assertion" tests="0">
    <testcase classname="ALJOCOB_PIPELINE.ALJOCOBSTUB_Scenario.00002: ALJOCOBCase2.ALJOCOB_RPTFILE_WRITE.00002: RPTFILE assertion" name="RPTFILE"/>
  </testsuite>
  <testsuite errors="0" failures="0" name="ALJOCOB_PIPELINE.ALJOCOBSTUB_Scenario.00002: ALJOCOBCase2.ALJOCOB_RPTFILE_WRITE.00003: RPTFILE assertion" tests="0">
    <testcase classname="ALJOCOB_PIPELINE.ALJOCOBSTUB_Scenario.00002: ALJOCOBCase2.ALJOCOB_RPTFILE_WRITE.00003: RPTFILE assertion" name="RPTFILE"/>
  </testsuite>
  <testsuite errors="0" failures="0" name="ALJOCOB_PIPELINE.ALJOCOBSTUB_Scenario.00002: ALJOCOBCase2.ALJOCOB_RPTFILE_WRITE.00004: RPTFILE assertion" tests="0">
    <testcase classname="ALJOCOB_PIPELINE.ALJOCOBSTUB_Scenario.00002: ALJOCOBCase2.ALJOCOB_RPTFILE_WRITE.00004: RPTFILE assertion" name="RPTFILE"/>
  </testsuite>
  <testsuite errors="0" failures="0" name="ALJOCOB_PIPELINE.ALJOCOBSTUB_Scenario.00002: ALJOCOBCase2.ALJOCOB_RPTFILE_WRITE.00005: RPTFILE assertion" tests="0">
    <testcase classname="ALJOCOB_PIPELINE.ALJOCOBSTUB_Scenario.00002: ALJOCOBCase2.ALJOCOB_RPTFILE_WRITE.00005: RPTFILE assertion" name="RPTFILE"/>
  </testsuite>
  <testsuite errors="0" failures="0" name="ALJOCOB_PIPELINE.ALJOCOBSTUB_Scenario.00002: ALJOCOBCase2.ALJOCOB_RPTFILE_WRITE.00006: RPTFILE assertion" tests="0">
    <testcase classname="ALJOCOB_PIPELINE.ALJOCOBSTUB_Scenario.00002: ALJOCOBCase2.ALJOCOB_RPTFILE_WRITE.00006: RPTFILE assertion" name="RPTFILE"/>
  </testsuite>
  <testsuite errors="0" failures="0" name="ALJOCOB_PIPELINE.ALJOCOBSTUB_Scenario.00002: ALJOCOBCase2.ALJOCOB_RPTFILE_WRITE.00007: RPTFILE assertion" tests="0">
    <testcase classname="ALJOCOB_PIPELINE.ALJOCOBSTUB_Scenario.00002: ALJOCOBCase2.ALJOCOB_RPTFILE_WRITE.00007: RPTFILE assertion" name="RPTFILE"/>
  </testsuite>
  <testsuite errors="0" failures="0" name="ALJOCOB_PIPELINE.ALJOCOBSTUB_Scenario.00002: ALJOCOBCase2.ALJOCOB_RPTFILE_WRITE.00008: RPTFILE assertion" tests="0">
    <testcase classname="ALJOCOB_PIPELINE.ALJOCOBSTUB_Scenario.00002: ALJOCOBCase2.ALJOCOB_RPTFILE_WRITE.00008: RPTFILE assertion" name="RPTFILE"/>
  </testsuite>
  <testsuite errors="0" failures="0" name="ALJOCOB_PIPELINE.ALJOCOBSTUB_Scenario.00002: ALJOCOBCase2.ALJOCOB_RPTFILE_WRITE.00009: RPTFILE assertion" tests="0">
    <testcase classname="ALJOCOB_PIPELINE.ALJOCOBSTUB_Scenario.00002: ALJOCOBCase2.ALJOCOB_RPTFILE_WRITE.00009: RPTFILE assertion" name="RPTFILE"/>
  </testsuite>
  <testsuite errors="0" failures="0" name="ALJOCOB_PIPELINE.ALJOCOBSTUB_Scenario.00002: ALJOCOBCase2.ALJOCOB_RPTFILE_WRITE.00010: RPTFILE assertion" tests="0">
    <testcase classname="ALJOCOB_PIPELINE.ALJOCOBSTUB_Scenario.00002: ALJOCOBCase2.ALJOCOB_RPTFILE_WRITE.00010: RPTFILE assertion" name="RPTFILE"/>
  </testsuite>
  <testsuite errors="0" failures="0" name="ALJOCOB_PIPELINE.ALJOCOBSTUB_Scenario.00002: ALJOCOBCase2.ALJOCOB_RPTFILE_WRITE.00011: RPTFILE assertion" tests="0">
    <testcase classname="ALJOCOB_PIPELINE.ALJOCOBSTUB_Scenario.00002: ALJOCOBCase2.ALJOCOB_RPTFILE_WRITE.00011: RPTFILE assertion" name="RPTFILE"/>
  </testsuite>
  <testsuite errors="0" failures="0" name="ALJOCOB_PIPELINE.ALJOCOBSTUB_Scenario.00002: ALJOCOBCase2.ALJOCOB_RPTFILE_WRITE.00012: RPTFILE assertion" tests="0">
    <testcase classname="ALJOCOB_PIPELINE.ALJOCOBSTUB_Scenario.00002: ALJOCOBCase2.ALJOCOB_RPTFILE_WRITE.00012: RPTFILE assertion" name="RPTFILE"/>
  </testsuite>
  <testsuite errors="0" failures="0" name="ALJOCOB_PIPELINE.ALJOCOBSTUB_Scenario.00002: ALJOCOBCase2.ALJOCOB_RPTFILE_WRITE.00013: RPTFILE assertion" tests="0">
    <testcase classname="ALJOCOB_PIPELINE.ALJOCOBSTUB_Scenario.00002: ALJOCOBCase2.ALJOCOB_RPTFILE_WRITE.00013: RPTFILE assertion" name="RPTFILE"/>
  </testsuite>
  <testsuite errors="0" failures="0" name="ALJOCOB_PIPELINE.ALJOCOBSTUB_Scenario.00002: ALJOCOBCase2.ALJOCOB_RPTFILE_WRITE.00014: RPTFILE assertion" tests="0">
    <testcase classname="ALJOCOB_PIPELINE.ALJOCOBSTUB_Scenario.00002: ALJOCOBCase2.ALJOCOB_RPTFILE_WRITE.00014: RPTFILE assertion" name="RPTFILE"/>
  </testsuite>
  <testsuite errors="0" failures="0" name="ALJOCOB_PIPELINE.ALJOCOBSTUB_Scenario.00002: ALJOCOBCase2.ALJOCOB_RPTFILE_WRITE.00015: RPTFILE assertion" tests="0">
    <testcase classname="ALJOCOB_PIPELINE.ALJOCOBSTUB_Scenario.00002: ALJOCOBCase2.ALJOCOB_RPTFILE_WRITE.00015: RPTFILE assertion" name="RPTFILE"/>
  </testsuite>
  <testsuite errors="0" failures="0" name="ALJOCOB_PIPELINE.ALJOCOBSTUB_Scenario.00002: ALJOCOBCase2.ALJOCOB_RPTFILE_WRITE.00016: RPTFILE assertion" tests="0">
    <testcase classname="ALJOCOB_PIPELINE.ALJOCOBSTUB_Scenario.00002: ALJOCOBCase2.ALJOCOB_RPTFILE_WRITE.00016: RPTFILE assertion" name="RPTFILE"/>
  </testsuite>
  <testsuite errors="0" failures="0" name="ALJOCOB_PIPELINE.ALJOCOBSTUB_Scenario.00002: ALJOCOBCase2.ALJOCOB_RPTFILE_WRITE.00017: RPTFILE assertion" tests="0">
    <testcase classname="ALJOCOB_PIPELINE.ALJOCOBSTUB_Scenario.00002: ALJOCOBCase2.ALJOCOB_RPTFILE_WRITE.00017: RPTFILE assertion" name="RPTFILE"/>
  </testsuite>
  <testsuite errors="0" failures="0" name="ALJOCOB_PIPELINE.ALJOCOBSTUB_Scenario.00002: ALJOCOBCase2.ALJOCOB_RPTFILE_WRITE.00018: RPTFILE assertion" tests="0">
    <testcase classname="ALJOCOB_PIPELINE.ALJOCOBSTUB_Scenario.00002: ALJOCOBCase2.ALJOCOB_RPTFILE_WRITE.00018: RPTFILE assertion" name="RPTFILE"/>
  </testsuite>
  <testsuite errors="0" failures="0" name="ALJOCOB_PIPELINE.ALJOCOBSTUB_Scenario.00002: ALJOCOBCase2.ALJOCOB_RPTFILE_WRITE.00019: RPTFILE assertion" tests="0">
    <testcase classname="ALJOCOB_PIPELINE.ALJOCOBSTUB_Scenario.00002: ALJOCOBCase2.ALJOCOB_RPTFILE_WRITE.00019: RPTFILE assertion" name="RPTFILE"/>
  </testsuite>
  <testsuite errors="0" failures="0" name="ALJOCOB_PIPELINE.ALJOCOBSTUB_Scenario.00002: ALJOCOBCase2.ALJOCOB_RPTFILE_WRITE.00020: RPTFILE assertion" tests="0">
    <testcase classname="ALJOCOB_PIPELINE.ALJOCOBSTUB_Scenario.00002: ALJOCOBCase2.ALJOCOB_RPTFILE_WRITE.00020: RPTFILE assertion" name="RPTFILE"/>
  </testsuite>
  <testsuite errors="0" failures="0" name="ALJOCOB_PIPELINE.ALJOCOBSTUB_Scenario.00002: ALJOCOBCase2.ALJOCOB_RPTFILE_WRITE.00021: RPTFILE assertion" tests="0">
    <testcase classname="ALJOCOB_PIPELINE.ALJOCOBSTUB_Scenario.00002: ALJOCOBCase2.ALJOCOB_RPTFILE_WRITE.00021: RPTFILE assertion" name="RPTFILE"/>
  </testsuite>
  <testsuite errors="0" failures="0" name="ALJOCOB_PIPELINE.ALJOCOBSTUB_Scenario.00002: ALJOCOBCase2.ALJOCOB_RPTFILE_WRITE.00022: RPTFILE assertion" tests="0">
    <testcase classname="ALJOCOB_PIPELINE.ALJOCOBSTUB_Scenario.00002: ALJOCOBCase2.ALJOCOB_RPTFILE_WRITE.00022: RPTFILE assertion" name="RPTFILE"/>
  </testsuite>
  <testsuite errors="0" failures="0" name="ALJOCOB_PIPELINE.ALJOCOBSTUB_Scenario.00002: ALJOCOBCase2.ALJOCOB_RPTFILE_WRITE.00023: RPTFILE assertion" tests="0">
    <testcase classname="ALJOCOB_PIPELINE.ALJOCOBSTUB_Scenario.00002: ALJOCOBCase2.ALJOCOB_RPTFILE_WRITE.00023: RPTFILE assertion" name="RPTFILE"/>
  </testsuite>
  <testsuite errors="0" failures="0" name="ALJOCOB_PIPELINE.ALJOCOBSTUB_Scenario.00002: ALJOCOBCase2.ALJOCOB_RPTFILE_WRITE.00024: RPTFILE assertion" tests="0">
    <testcase classname="ALJOCOB_PIPELINE.ALJOCOBSTUB_Scenario.00002: ALJOCOBCase2.ALJOCOB_RPTFILE_WRITE.00024: RPTFILE assertion" name="RPTFILE"/>
  </testsuite>
</testsuites>